-------------------------------------------------------------------------------
Test set: runners.UITestRunner
-------------------------------------------------------------------------------
Tests run: 11, Failures: 2, Errors: 0, Skipped: 0, Time elapsed: 55.59 s <<< FAILURE! -- in runners.UITestRunner
TC-081 to TC-085).TC-084 User UI Admin actions restricted for user(Categories User UI Tests  -- Time elapsed: 6.201 s <<< FAILURE!
org.opentest4j.AssertionFailedError: 
[Edit buttons should be hidden for normal user] 
Expecting value to be false but was true
	at stepdefinitions.ui.CategoriesUserUISteps.editButtonsShouldNotBeVisibleForUser(CategoriesUserUISteps.java:154)
	at ✽.Edit buttons should not be visible for user(file:///Users/pahanaps/Dev/QA/QA-training-app-group-42/src/test/resources/features/ui/categories_user_ui.feature:36)

TC-081 to TC-085).TC-085 User UI Empty state when no category found(Categories User UI Tests  -- Time elapsed: 4.478 s <<< FAILURE!
org.opentest4j.AssertionFailedError: 
[Empty state or 'No category found' message should be displayed] 
Expecting value to be true but was false
	at stepdefinitions.ui.CategoriesUserUISteps.emptyStateMessageShouldBeDisplayed(CategoriesUserUISteps.java:183)
	at ✽.empty state message should be displayed(file:///Users/pahanaps/Dev/QA/QA-training-app-group-42/src/test/resources/features/ui/categories_user_ui.feature:42)

