<?xml version="1.0" encoding="UTF-8"?>
<testsuite xmlns:xsi="http://www.w3.org/2001/XMLSchema-instance" xsi:noNamespaceSchemaLocation="https://maven.apache.org/surefire/maven-surefire-plugin/xsd/surefire-test-report-3.0.xsd" version="3.0" name="runners.UITestRunner" time="81.199" tests="23" errors="0" skipped="0" failures="0">
  <properties>
[...]
</properties>
  <testcase name="Admin login success(Authentication UI Tests " classname="Member 1)" time="1.741">
    <system-out><![CDATA[
Scenario: Admin login success      &amp#27;[90m# src/test/resources/features/ui/auth_ui.feature:3&amp#27;[0m
  &amp#27;[32mGiven &amp#27;[0m&amp#27;[32muser is on login page&amp#27;[0m      &amp#27;[90m# stepdefinitions.ui.AuthUISteps.userIsOnLoginPage()&amp#27;[0m
  &amp#27;[32mWhen &amp#27;[0m&amp#27;[32muser logs in as admin&amp#27;[0m       &amp#27;[90m# stepdefinitions.ui.AuthUISteps.userLogsInAsAdmin()&amp#27;[0m
  &amp#27;[32mThen &amp#27;[0m&amp#27;[32mdashboard should be visible&amp#27;[0m &amp#27;[90m# stepdefinitions.ui.AuthUISteps.dashboardShouldBeVisible()&amp#27;[0m
]]></system-out>
    <system-err><![CDATA[Feb 07, 2026 4:39:34 AM org.openqa.selenium.devtools.CdpVersionFinder findNearestMatch
WARNING: Unable to find CDP implementation matching 144
Feb 07, 2026 4:39:34 AM org.openqa.selenium.chromium.ChromiumDriver lambda$new$5
WARNING: Unable to find version of CDP to use for 144.0.7559.133. You may need to include a dependency on a specific version of the CDP using something similar to `org.seleniumhq.selenium:selenium-devtools-v86:4.25.0` where the version ("v86") matches the version of the chromium-based browser you're using and the version number of the artifact is the same as Selenium's.
]]></system-err>
  </testcase>
  <testcase name="Admin login invalid credentials(Authentication UI Tests " classname="Member 1)" time="1.444">
    <system-out><![CDATA[
Scenario: Admin login invalid credentials    &amp#27;[90m# src/test/resources/features/ui/auth_ui.feature:8&amp#27;[0m
  &amp#27;[32mGiven &amp#27;[0m&amp#27;[32muser is on login page&amp#27;[0m                &amp#27;[90m# stepdefinitions.ui.AuthUISteps.userIsOnLoginPage()&amp#27;[0m
  &amp#27;[32mWhen &amp#27;[0m&amp#27;[32muser logs in with invalid credentials&amp#27;[0m &amp#27;[90m# stepdefinitions.ui.AuthUISteps.userLogsInWithInvalidCredentials()&amp#27;[0m
  &amp#27;[32mThen &amp#27;[0m&amp#27;[32merror message should be shown&amp#27;[0m         &amp#27;[90m# stepdefinitions.ui.AuthUISteps.errorMessageShouldBeShown()&amp#27;[0m
]]></system-out>
    <system-err><![CDATA[Feb 07, 2026 4:39:36 AM org.openqa.selenium.devtools.CdpVersionFinder findNearestMatch
WARNING: Unable to find CDP implementation matching 144
Feb 07, 2026 4:39:36 AM org.openqa.selenium.chromium.ChromiumDriver lambda$new$5
WARNING: Unable to find version of CDP to use for 144.0.7559.133. You may need to include a dependency on a specific version of the CDP using something similar to `org.seleniumhq.selenium:selenium-devtools-v86:4.25.0` where the version ("v86") matches the version of the chromium-based browser you're using and the version number of the artifact is the same as Selenium's.
]]></system-err>
  </testcase>
  <testcase name="Admin logout success(Authentication UI Tests " classname="Member 1)" time="1.391">
    <system-out><![CDATA[
Scenario: Admin logout success      &amp#27;[90m# src/test/resources/features/ui/auth_ui.feature:13&amp#27;[0m
  &amp#27;[32mGiven &amp#27;[0m&amp#27;[32muser is logged in as admin&amp#27;[0m  &amp#27;[90m# stepdefinitions.ui.AuthUISteps.userIsLoggedInAsAdmin()&amp#27;[0m
  &amp#27;[32mWhen &amp#27;[0m&amp#27;[32muser logs out&amp#27;[0m                &amp#27;[90m# stepdefinitions.ui.AuthUISteps.userLogsOut()&amp#27;[0m
  &amp#27;[32mThen &amp#27;[0m&amp#27;[32mlogin page should be visible&amp#27;[0m &amp#27;[90m# stepdefinitions.ui.AuthUISteps.loginPageShouldBeVisible()&amp#27;[0m
]]></system-out>
    <system-err><![CDATA[Feb 07, 2026 4:39:37 AM org.openqa.selenium.devtools.CdpVersionFinder findNearestMatch
WARNING: Unable to find CDP implementation matching 144
Feb 07, 2026 4:39:37 AM org.openqa.selenium.chromium.ChromiumDriver lambda$new$5
WARNING: Unable to find version of CDP to use for 144.0.7559.133. You may need to include a dependency on a specific version of the CDP using something similar to `org.seleniumhq.selenium:selenium-devtools-v86:4.25.0` where the version ("v86") matches the version of the chromium-based browser you're using and the version number of the artifact is the same as Selenium's.
]]></system-err>
  </testcase>
  <testcase name="Access dashboard without login should redirect to login(Authentication UI Tests " classname="Member 1)" time="1.018">
    <system-out><![CDATA[
Scenario: Access dashboard without login should redirect to login &amp#27;[90m# src/test/resources/features/ui/auth_ui.feature:18&amp#27;[0m
  &amp#27;[32mGiven &amp#27;[0m&amp#27;[32muser is not logged in&amp#27;[0m                                     &amp#27;[90m# stepdefinitions.ui.AuthUISteps.userIsNotLoggedIn()&amp#27;[0m
  &amp#27;[32mWhen &amp#27;[0m&amp#27;[32muser opens dashboard directly&amp#27;[0m                              &amp#27;[90m# stepdefinitions.ui.AuthUISteps.userOpensDashboardDirectly()&amp#27;[0m
  &amp#27;[32mThen &amp#27;[0m&amp#27;[32muser should be redirected to login&amp#27;[0m                         &amp#27;[90m# stepdefinitions.ui.AuthUISteps.userShouldBeRedirectedToLogin()&amp#27;[0m
]]></system-out>
    <system-err><![CDATA[Feb 07, 2026 4:39:39 AM org.openqa.selenium.devtools.CdpVersionFinder findNearestMatch
WARNING: Unable to find CDP implementation matching 144
Feb 07, 2026 4:39:39 AM org.openqa.selenium.chromium.ChromiumDriver lambda$new$5
WARNING: Unable to find version of CDP to use for 144.0.7559.133. You may need to include a dependency on a specific version of the CDP using something similar to `org.seleniumhq.selenium:selenium-devtools-v86:4.25.0` where the version ("v86") matches the version of the chromium-based browser you're using and the version number of the artifact is the same as Selenium's.
]]></system-err>
  </testcase>
  <testcase name="User login success(Authentication UI Tests " classname="Member 1)" time="1.358">
    <system-out><![CDATA[
Scenario: User login success       &amp#27;[90m# src/test/resources/features/ui/auth_ui.feature:23&amp#27;[0m
  &amp#27;[32mGiven &amp#27;[0m&amp#27;[32muser is on login page&amp#27;[0m      &amp#27;[90m# stepdefinitions.ui.AuthUISteps.userIsOnLoginPage()&amp#27;[0m
  &amp#27;[32mWhen &amp#27;[0m&amp#27;[32muser logs in as normal user&amp#27;[0m &amp#27;[90m# stepdefinitions.ui.AuthUISteps.userLogsInAsNormalUser()&amp#27;[0m
  &amp#27;[32mThen &amp#27;[0m&amp#27;[32mdashboard should be visible&amp#27;[0m &amp#27;[90m# stepdefinitions.ui.AuthUISteps.dashboardShouldBeVisible()&amp#27;[0m
]]></system-out>
    <system-err><![CDATA[Feb 07, 2026 4:39:40 AM org.openqa.selenium.devtools.CdpVersionFinder findNearestMatch
WARNING: Unable to find CDP implementation matching 144
Feb 07, 2026 4:39:40 AM org.openqa.selenium.chromium.ChromiumDriver lambda$new$5
WARNING: Unable to find version of CDP to use for 144.0.7559.133. You may need to include a dependency on a specific version of the CDP using something similar to `org.seleniumhq.selenium:selenium-devtools-v86:4.25.0` where the version ("v86") matches the version of the chromium-based browser you're using and the version number of the artifact is the same as Selenium's.
]]></system-err>
  </testcase>
  <testcase name="User login invalid credentials(Authentication UI Tests " classname="Member 1)" time="1.322">
    <system-out><![CDATA[
Scenario: User login invalid credentials     &amp#27;[90m# src/test/resources/features/ui/auth_ui.feature:28&amp#27;[0m
  &amp#27;[32mGiven &amp#27;[0m&amp#27;[32muser is on login page&amp#27;[0m                &amp#27;[90m# stepdefinitions.ui.AuthUISteps.userIsOnLoginPage()&amp#27;[0m
  &amp#27;[32mWhen &amp#27;[0m&amp#27;[32muser logs in with invalid credentials&amp#27;[0m &amp#27;[90m# stepdefinitions.ui.AuthUISteps.userLogsInWithInvalidCredentials()&amp#27;[0m
  &amp#27;[32mThen &amp#27;[0m&amp#27;[32merror message should be shown&amp#27;[0m         &amp#27;[90m# stepdefinitions.ui.AuthUISteps.errorMessageShouldBeShown()&amp#27;[0m
]]></system-out>
    <system-err><![CDATA[Feb 07, 2026 4:39:41 AM org.openqa.selenium.devtools.CdpVersionFinder findNearestMatch
WARNING: Unable to find CDP implementation matching 144
Feb 07, 2026 4:39:41 AM org.openqa.selenium.chromium.ChromiumDriver lambda$new$5
WARNING: Unable to find version of CDP to use for 144.0.7559.133. You may need to include a dependency on a specific version of the CDP using something similar to `org.seleniumhq.selenium:selenium-devtools-v86:4.25.0` where the version ("v86") matches the version of the chromium-based browser you're using and the version number of the artifact is the same as Selenium's.
]]></system-err>
  </testcase>
  <testcase name="User logout success(Authentication UI Tests " classname="Member 1)" time="1.467">
    <system-out><![CDATA[
Scenario: User logout success            &amp#27;[90m# src/test/resources/features/ui/auth_ui.feature:33&amp#27;[0m
  &amp#27;[32mGiven &amp#27;[0m&amp#27;[32muser is logged in as normal user&amp#27;[0m &amp#27;[90m# stepdefinitions.ui.AuthUISteps.userIsLoggedInAsNormalUser()&amp#27;[0m
  &amp#27;[32mWhen &amp#27;[0m&amp#27;[32muser logs out&amp#27;[0m                     &amp#27;[90m# stepdefinitions.ui.AuthUISteps.userLogsOut()&amp#27;[0m
  &amp#27;[32mThen &amp#27;[0m&amp#27;[32mlogin page should be visible&amp#27;[0m      &amp#27;[90m# stepdefinitions.ui.AuthUISteps.loginPageShouldBeVisible()&amp#27;[0m
]]></system-out>
    <system-err><![CDATA[Feb 07, 2026 4:39:42 AM org.openqa.selenium.devtools.CdpVersionFinder findNearestMatch
WARNING: Unable to find CDP implementation matching 144
Feb 07, 2026 4:39:42 AM org.openqa.selenium.chromium.ChromiumDriver lambda$new$5
WARNING: Unable to find version of CDP to use for 144.0.7559.133. You may need to include a dependency on a specific version of the CDP using something similar to `org.seleniumhq.selenium:selenium-devtools-v86:4.25.0` where the version ("v86") matches the version of the chromium-based browser you're using and the version number of the artifact is the same as Selenium's.
]]></system-err>
  </testcase>
  <testcase name="User should not see admin actions(Authentication UI Tests " classname="Member 1)" time="1.39">
    <system-out><![CDATA[
Scenario: User should not see admin actions &amp#27;[90m# src/test/resources/features/ui/auth_ui.feature:38&amp#27;[0m
  &amp#27;[32mGiven &amp#27;[0m&amp#27;[32muser is logged in as normal user&amp#27;[0m    &amp#27;[90m# stepdefinitions.ui.AuthUISteps.userIsLoggedInAsNormalUser()&amp#27;[0m
  &amp#27;[32mThen &amp#27;[0m&amp#27;[32madmin actions should not be visible&amp#27;[0m  &amp#27;[90m# stepdefinitions.ui.AuthUISteps.adminActionsShouldNotBeVisible()&amp#27;[0m
]]></system-out>
    <system-err><![CDATA[Feb 07, 2026 4:39:44 AM org.openqa.selenium.devtools.CdpVersionFinder findNearestMatch
WARNING: Unable to find CDP implementation matching 144
Feb 07, 2026 4:39:44 AM org.openqa.selenium.chromium.ChromiumDriver lambda$new$5
WARNING: Unable to find version of CDP to use for 144.0.7559.133. You may need to include a dependency on a specific version of the CDP using something similar to `org.seleniumhq.selenium:selenium-devtools-v86:4.25.0` where the version ("v86") matches the version of the chromium-based browser you're using and the version number of the artifact is the same as Selenium's.
]]></system-err>
  </testcase>
  <testcase name="User cannot open admin-only sell page directly(Authentication UI Tests " classname="Member 1)" time="1.409">
    <system-out><![CDATA[
Scenario: User cannot open admin-only sell page directly &amp#27;[90m# src/test/resources/features/ui/auth_ui.feature:42&amp#27;[0m
  &amp#27;[32mGiven &amp#27;[0m&amp#27;[32muser is logged in as normal user&amp#27;[0m                 &amp#27;[90m# stepdefinitions.ui.AuthUISteps.userIsLoggedInAsNormalUser()&amp#27;[0m
  &amp#27;[32mWhen &amp#27;[0m&amp#27;[32muser opens sell page directly&amp#27;[0m                     &amp#27;[90m# stepdefinitions.ui.AuthUISteps.userOpensSellPageDirectly()&amp#27;[0m
  &amp#27;[32mThen &amp#27;[0m&amp#27;[32maccess should be blocked&amp#27;[0m                          &amp#27;[90m# stepdefinitions.ui.AuthUISteps.accessShouldBeBlocked()&amp#27;[0m
]]></system-out>
    <system-err><![CDATA[Feb 07, 2026 4:39:45 AM org.openqa.selenium.devtools.CdpVersionFinder findNearestMatch
WARNING: Unable to find CDP implementation matching 144
Feb 07, 2026 4:39:45 AM org.openqa.selenium.chromium.ChromiumDriver lambda$new$5
WARNING: Unable to find version of CDP to use for 144.0.7559.133. You may need to include a dependency on a specific version of the CDP using something similar to `org.seleniumhq.selenium:selenium-devtools-v86:4.25.0` where the version ("v86") matches the version of the chromium-based browser you're using and the version number of the artifact is the same as Selenium's.
]]></system-err>
  </testcase>
  <testcase name="Invalid session access to protected page(Authentication UI Tests " classname="Member 1)" time="1.011">
    <system-out><![CDATA[
Scenario: Invalid session access to protected page &amp#27;[90m# src/test/resources/features/ui/auth_ui.feature:47&amp#27;[0m
  &amp#27;[32mGiven &amp#27;[0m&amp#27;[32muser is not logged in&amp#27;[0m                      &amp#27;[90m# stepdefinitions.ui.AuthUISteps.userIsNotLoggedIn()&amp#27;[0m
  &amp#27;[32mWhen &amp#27;[0m&amp#27;[32muser opens sell page directly without login&amp#27;[0m &amp#27;[90m# stepdefinitions.ui.AuthUISteps.userOpensSellPageDirectlyWithoutLogin()&amp#27;[0m
  &amp#27;[32mThen &amp#27;[0m&amp#27;[32muser should be redirected to login&amp#27;[0m          &amp#27;[90m# stepdefinitions.ui.AuthUISteps.userShouldBeRedirectedToLogin()&amp#27;[0m
]]></system-out>
    <system-err><![CDATA[Feb 07, 2026 4:39:47 AM org.openqa.selenium.devtools.CdpVersionFinder findNearestMatch
WARNING: Unable to find CDP implementation matching 144
Feb 07, 2026 4:39:47 AM org.openqa.selenium.chromium.ChromiumDriver lambda$new$5
WARNING: Unable to find version of CDP to use for 144.0.7559.133. You may need to include a dependency on a specific version of the CDP using something similar to `org.seleniumhq.selenium:selenium-devtools-v86:4.25.0` where the version ("v86") matches the version of the chromium-based browser you're using and the version number of the artifact is the same as Selenium's.
]]></system-err>
  </testcase>
  <testcase name="TC-091 Admin UI Category name required validation(Categories Admin UI Tests " classname="TC-091 to TC-095)" time="3.451">
    <system-out><![CDATA[
@ui @categories @215114F @admin @TC-091
Scenario: TC-091 Admin UI Category name required validation   &amp#27;[90m# src/test/resources/features/ui/categories_admin_ui.feature:12&amp#27;[0m
  &amp#27;[32mGiven &amp#27;[0m&amp#27;[32muser is logged in as admin&amp#27;[0m                            &amp#27;[90m# stepdefinitions.ui.AuthUISteps.userIsLoggedInAsAdmin()&amp#27;[0m
  &amp#27;[32mAnd &amp#27;[0m&amp#27;[32muser navigates to categories page&amp#27;[0m                       &amp#27;[90m# stepdefinitions.ui.CategoriesUserUISteps.userNavigatesToCategoriesPage()&amp#27;[0m
  &amp#27;[32mWhen &amp#27;[0m&amp#27;[32madmin clicks Add Category button&amp#27;[0m                       &amp#27;[90m# stepdefinitions.ui.CategoriesAdminUISteps.adminClicksAddCategoryButton()&amp#27;[0m
  &amp#27;[32mAnd &amp#27;[0m&amp#27;[32madmin leaves category name blank&amp#27;[0m                        &amp#27;[90m# stepdefinitions.ui.CategoriesAdminUISteps.adminLeavesCategoryNameBlank()&amp#27;[0m
  &amp#27;[32mAnd &amp#27;[0m&amp#27;[32madmin clicks Save button&amp#27;[0m                                &amp#27;[90m# stepdefinitions.ui.CategoriesAdminUISteps.adminClicksSaveButton()&amp#27;[0m
  &amp#27;[32mThen &amp#27;[0m&amp#27;[32mvalidation error should be displayed for required name&amp#27;[0m &amp#27;[90m# stepdefinitions.ui.CategoriesAdminUISteps.validationErrorShouldBeDisplayedForRequiredName()&amp#27;[0m
]]></system-out>
    <system-err><![CDATA[Feb 07, 2026 4:39:48 AM org.openqa.selenium.devtools.CdpVersionFinder findNearestMatch
WARNING: Unable to find CDP implementation matching 144
Feb 07, 2026 4:39:48 AM org.openqa.selenium.chromium.ChromiumDriver lambda$new$5
WARNING: Unable to find version of CDP to use for 144.0.7559.133. You may need to include a dependency on a specific version of the CDP using something similar to `org.seleniumhq.selenium:selenium-devtools-v86:4.25.0` where the version ("v86") matches the version of the chromium-based browser you're using and the version number of the artifact is the same as Selenium's.
]]></system-err>
  </testcase>
  <testcase name="TC-092 Admin UI Category name length validation(Categories Admin UI Tests " classname="TC-091 to TC-095)" time="3.368">
    <system-out><![CDATA[
@ui @categories @215114F @admin @TC-092
Scenario: TC-092 Admin UI Category name length validation                   &amp#27;[90m# src/test/resources/features/ui/categories_admin_ui.feature:19&amp#27;[0m
  &amp#27;[32mGiven &amp#27;[0m&amp#27;[32muser is logged in as admin&amp#27;[0m                                          &amp#27;[90m# stepdefinitions.ui.AuthUISteps.userIsLoggedInAsAdmin()&amp#27;[0m
  &amp#27;[32mAnd &amp#27;[0m&amp#27;[32muser navigates to categories page&amp#27;[0m                                     &amp#27;[90m# stepdefinitions.ui.CategoriesUserUISteps.userNavigatesToCategoriesPage()&amp#27;[0m
  &amp#27;[32mWhen &amp#27;[0m&amp#27;[32madmin clicks Add Category button&amp#27;[0m                                     &amp#27;[90m# stepdefinitions.ui.CategoriesAdminUISteps.adminClicksAddCategoryButton()&amp#27;[0m
  &amp#27;[32mAnd &amp#27;[0m&amp#27;[32madmin enters category name with invalid length &amp#27;[0m&amp#27;[32m&amp#27;[1m"VERYLONGCATEGORYNAME"&amp#27;[0m &amp#27;[90m# stepdefinitions.ui.CategoriesAdminUISteps.adminEntersCategoryNameWithInvalidLength(java.lang.String)&amp#27;[0m
  &amp#27;[32mAnd &amp#27;[0m&amp#27;[32madmin clicks Save button&amp#27;[0m                                              &amp#27;[90m# stepdefinitions.ui.CategoriesAdminUISteps.adminClicksSaveButton()&amp#27;[0m
  &amp#27;[32mThen &amp#27;[0m&amp#27;[32mvalidation error should be displayed for name length&amp#27;[0m                 &amp#27;[90m# stepdefinitions.ui.CategoriesAdminUISteps.validationErrorShouldBeDisplayedForNameLength()&amp#27;[0m
]]></system-out>
    <system-err><![CDATA[Feb 07, 2026 4:39:51 AM org.openqa.selenium.devtools.CdpVersionFinder findNearestMatch
WARNING: Unable to find CDP implementation matching 144
Feb 07, 2026 4:39:51 AM org.openqa.selenium.chromium.ChromiumDriver lambda$new$5
WARNING: Unable to find version of CDP to use for 144.0.7559.133. You may need to include a dependency on a specific version of the CDP using something similar to `org.seleniumhq.selenium:selenium-devtools-v86:4.25.0` where the version ("v86") matches the version of the chromium-based browser you're using and the version number of the artifact is the same as Selenium's.
]]></system-err>
  </testcase>
  <testcase name="TC-093 Admin UI Create sub-category(Categories Admin UI Tests " classname="TC-091 to TC-095)" time="4.276">
    <system-out><![CDATA[
@ui @categories @215114F @admin @TC-093
Scenario: TC-093 Admin UI Create sub-category      &amp#27;[90m# src/test/resources/features/ui/categories_admin_ui.feature:26&amp#27;[0m
  &amp#27;[32mGiven &amp#27;[0m&amp#27;[32muser is logged in as admin&amp#27;[0m                 &amp#27;[90m# stepdefinitions.ui.AuthUISteps.userIsLoggedInAsAdmin()&amp#27;[0m
  &amp#27;[32mAnd &amp#27;[0m&amp#27;[32muser navigates to categories page&amp#27;[0m            &amp#27;[90m# stepdefinitions.ui.CategoriesUserUISteps.userNavigatesToCategoriesPage()&amp#27;[0m
  &amp#27;[32mGiven &amp#27;[0m&amp#27;[32ma main category exists&amp#27;[0m                     &amp#27;[90m# stepdefinitions.ui.CategoriesAdminUISteps.aMainCategoryExists()&amp#27;[0m
  &amp#27;[32mWhen &amp#27;[0m&amp#27;[32madmin clicks Add Category button&amp#27;[0m            &amp#27;[90m# stepdefinitions.ui.CategoriesAdminUISteps.adminClicksAddCategoryButton()&amp#27;[0m
  &amp#27;[32mAnd &amp#27;[0m&amp#27;[32madmin enters valid category name&amp#27;[0m             &amp#27;[90m# stepdefinitions.ui.CategoriesAdminUISteps.adminEntersValidCategoryName()&amp#27;[0m
  &amp#27;[32mAnd &amp#27;[0m&amp#27;[32madmin selects a parent category&amp#27;[0m              &amp#27;[90m# stepdefinitions.ui.CategoriesAdminUISteps.adminSelectsAParentCategory()&amp#27;[0m
  &amp#27;[32mAnd &amp#27;[0m&amp#27;[32madmin clicks Save button&amp#27;[0m                     &amp#27;[90m# stepdefinitions.ui.CategoriesAdminUISteps.adminClicksSaveButton()&amp#27;[0m
  &amp#27;[32mThen &amp#27;[0m&amp#27;[32msub-category should be created successfully&amp#27;[0m &amp#27;[90m# stepdefinitions.ui.CategoriesAdminUISteps.subCategoryShouldBeCreatedSuccessfully()&amp#27;[0m
  &amp#27;[32mAnd &amp#27;[0m&amp#27;[32msuccess message should be displayed&amp#27;[0m          &amp#27;[90m# stepdefinitions.ui.CategoriesAdminUISteps.successMessageShouldBeDisplayed()&amp#27;[0m
]]></system-out>
    <system-err><![CDATA[Feb 07, 2026 4:39:54 AM org.openqa.selenium.devtools.CdpVersionFinder findNearestMatch
WARNING: Unable to find CDP implementation matching 144
Feb 07, 2026 4:39:54 AM org.openqa.selenium.chromium.ChromiumDriver lambda$new$5
WARNING: Unable to find version of CDP to use for 144.0.7559.133. You may need to include a dependency on a specific version of the CDP using something similar to `org.seleniumhq.selenium:selenium-devtools-v86:4.25.0` where the version ("v86") matches the version of the chromium-based browser you're using and the version number of the artifact is the same as Selenium's.
]]></system-err>
  </testcase>
  <testcase name="TC-094 Admin UI Edit category cancel(Categories Admin UI Tests " classname="TC-091 to TC-095)" time="12.135">
    <system-out><![CDATA[
@ui @categories @215114F @admin @TC-094
Scenario: TC-094 Admin UI Edit category cancel          &amp#27;[90m# src/test/resources/features/ui/categories_admin_ui.feature:36&amp#27;[0m
  &amp#27;[32mGiven &amp#27;[0m&amp#27;[32muser is logged in as admin&amp#27;[0m                      &amp#27;[90m# stepdefinitions.ui.AuthUISteps.userIsLoggedInAsAdmin()&amp#27;[0m
  &amp#27;[32mAnd &amp#27;[0m&amp#27;[32muser navigates to categories page&amp#27;[0m                 &amp#27;[90m# stepdefinitions.ui.CategoriesUserUISteps.userNavigatesToCategoriesPage()&amp#27;[0m
  &amp#27;[32mGiven &amp#27;[0m&amp#27;[32mcategories exist&amp#27;[0m                                &amp#27;[90m# stepdefinitions.ui.CategoriesAdminUISteps.categoriesExist()&amp#27;[0m
  &amp#27;[32mWhen &amp#27;[0m&amp#27;[32madmin clicks Edit on a category&amp#27;[0m                  &amp#27;[90m# stepdefinitions.ui.CategoriesAdminUISteps.adminClicksEditOnACategory()&amp#27;[0m
  &amp#27;[32mAnd &amp#27;[0m&amp#27;[32madmin modifies the category name&amp#27;[0m                  &amp#27;[90m# stepdefinitions.ui.CategoriesAdminUISteps.adminModifiesTheCategoryName()&amp#27;[0m
  &amp#27;[32mAnd &amp#27;[0m&amp#27;[32madmin clicks Cancel button&amp#27;[0m                        &amp#27;[90m# stepdefinitions.ui.CategoriesAdminUISteps.adminClicksCancelButton()&amp#27;[0m
  &amp#27;[32mThen &amp#27;[0m&amp#27;[32muser should be navigated back to categories list&amp#27;[0m &amp#27;[90m# stepdefinitions.ui.CategoriesAdminUISteps.userShouldBeNavigatedBackToCategoriesList()&amp#27;[0m
  &amp#27;[32mAnd &amp#27;[0m&amp#27;[32mcategory should not be updated&amp#27;[0m                    &amp#27;[90m# stepdefinitions.ui.CategoriesAdminUISteps.categoryShouldNotBeUpdated()&amp#27;[0m
]]></system-out>
    <system-err><![CDATA[Feb 07, 2026 4:39:59 AM org.openqa.selenium.devtools.CdpVersionFinder findNearestMatch
WARNING: Unable to find CDP implementation matching 144
Feb 07, 2026 4:39:59 AM org.openqa.selenium.chromium.ChromiumDriver lambda$new$5
WARNING: Unable to find version of CDP to use for 144.0.7559.133. You may need to include a dependency on a specific version of the CDP using something similar to `org.seleniumhq.selenium:selenium-devtools-v86:4.25.0` where the version ("v86") matches the version of the chromium-based browser you're using and the version number of the artifact is the same as Selenium's.
]]></system-err>
  </testcase>
  <testcase name="TC-095 Admin UI Delete parent category blocked(Categories Admin UI Tests " classname="TC-091 to TC-095)" time="10.581">
    <system-out><![CDATA[
@ui @categories @215114F @admin @TC-095
Scenario: TC-095 Admin UI Delete parent category blocked &amp#27;[90m# src/test/resources/features/ui/categories_admin_ui.feature:45&amp#27;[0m
  &amp#27;[32mGiven &amp#27;[0m&amp#27;[32muser is logged in as admin&amp#27;[0m                       &amp#27;[90m# stepdefinitions.ui.AuthUISteps.userIsLoggedInAsAdmin()&amp#27;[0m
  &amp#27;[32mAnd &amp#27;[0m&amp#27;[32muser navigates to categories page&amp#27;[0m                  &amp#27;[90m# stepdefinitions.ui.CategoriesUserUISteps.userNavigatesToCategoriesPage()&amp#27;[0m
  &amp#27;[32mGiven &amp#27;[0m&amp#27;[32ma parent category with children exists&amp#27;[0m           &amp#27;[90m# stepdefinitions.ui.CategoriesAdminUISteps.aParentCategoryWithChildrenExists()&amp#27;[0m
  &amp#27;[32mWhen &amp#27;[0m&amp#27;[32madmin attempts to delete the parent category&amp#27;[0m      &amp#27;[90m# stepdefinitions.ui.CategoriesAdminUISteps.adminAttemptsToDeleteTheParentCategory()&amp#27;[0m
  &amp#27;[32mThen &amp#27;[0m&amp#27;[32mdelete should be blocked&amp#27;[0m                          &amp#27;[90m# stepdefinitions.ui.CategoriesAdminUISteps.deleteShouldBeBlocked()&amp#27;[0m
  &amp#27;[32mAnd &amp#27;[0m&amp#27;[32merror message about children should be displayed&amp#27;[0m   &amp#27;[90m# stepdefinitions.ui.CategoriesAdminUISteps.errorMessageAboutChildrenShouldBeDisplayed()&amp#27;[0m
]]></system-out>
    <system-err><![CDATA[Feb 07, 2026 4:40:12 AM org.openqa.selenium.devtools.CdpVersionFinder findNearestMatch
WARNING: Unable to find CDP implementation matching 144
Feb 07, 2026 4:40:12 AM org.openqa.selenium.chromium.ChromiumDriver lambda$new$5
WARNING: Unable to find version of CDP to use for 144.0.7559.133. You may need to include a dependency on a specific version of the CDP using something similar to `org.seleniumhq.selenium:selenium-devtools-v86:4.25.0` where the version ("v86") matches the version of the chromium-based browser you're using and the version number of the artifact is the same as Selenium's.
]]></system-err>
  </testcase>
  <testcase name="TC-081 User UI Categories pagination(Categories User UI Tests " classname="TC-081 to TC-085)" time="3.48">
    <system-out><![CDATA[
@ui @categories @215114F @user @TC-081
Scenario: TC-081 User UI Categories pagination      &amp#27;[90m# src/test/resources/features/ui/categories_user_ui.feature:12&amp#27;[0m
  &amp#27;[32mGiven &amp#27;[0m&amp#27;[32muser is logged in as normal user&amp#27;[0m            &amp#27;[90m# stepdefinitions.ui.AuthUISteps.userIsLoggedInAsNormalUser()&amp#27;[0m
  &amp#27;[32mAnd &amp#27;[0m&amp#27;[32muser navigates to categories page&amp#27;[0m             &amp#27;[90m# stepdefinitions.ui.CategoriesUserUISteps.userNavigatesToCategoriesPage()&amp#27;[0m
  &amp#27;[32mGiven &amp#27;[0m&amp#27;[32mcategories exist with more than one page&amp#27;[0m    &amp#27;[90m# stepdefinitions.ui.CategoriesUserUISteps.categoriesExistWithMoreThanOnePage()&amp#27;[0m
  &amp#27;[32mWhen &amp#27;[0m&amp#27;[32muser clicks Next page button&amp#27;[0m                 &amp#27;[90m# stepdefinitions.ui.CategoriesUserUISteps.userClicksNextPageButton()&amp#27;[0m
  &amp#27;[32mThen &amp#27;[0m&amp#27;[32mthe category list should change to next page&amp#27;[0m &amp#27;[90m# stepdefinitions.ui.CategoriesUserUISteps.theCategoryListShouldChangeToNextPage()&amp#27;[0m
]]></system-out>
    <system-err><![CDATA[Feb 07, 2026 4:40:21 AM org.openqa.selenium.devtools.CdpVersionFinder findNearestMatch
WARNING: Unable to find CDP implementation matching 144
Feb 07, 2026 4:40:21 AM org.openqa.selenium.chromium.ChromiumDriver lambda$new$5
WARNING: Unable to find version of CDP to use for 144.0.7559.133. You may need to include a dependency on a specific version of the CDP using something similar to `org.seleniumhq.selenium:selenium-devtools-v86:4.25.0` where the version ("v86") matches the version of the chromium-based browser you're using and the version number of the artifact is the same as Selenium's.
]]></system-err>
  </testcase>
  <testcase name="TC-082 User UI Categories sorting by Name(Categories User UI Tests " classname="TC-081 to TC-085)" time="2.819">
    <system-out><![CDATA[
@ui @categories @215114F @user @TC-082
Scenario: TC-082 User UI Categories sorting by Name &amp#27;[90m# src/test/resources/features/ui/categories_user_ui.feature:18&amp#27;[0m
  &amp#27;[32mGiven &amp#27;[0m&amp#27;[32muser is logged in as normal user&amp#27;[0m            &amp#27;[90m# stepdefinitions.ui.AuthUISteps.userIsLoggedInAsNormalUser()&amp#27;[0m
  &amp#27;[32mAnd &amp#27;[0m&amp#27;[32muser navigates to categories page&amp#27;[0m             &amp#27;[90m# stepdefinitions.ui.CategoriesUserUISteps.userNavigatesToCategoriesPage()&amp#27;[0m
  &amp#27;[32mWhen &amp#27;[0m&amp#27;[32muser clicks on Name column header to sort&amp#27;[0m    &amp#27;[90m# stepdefinitions.ui.CategoriesUserUISteps.userClicksOnNameColumnHeaderToSort()&amp#27;[0m
  &amp#27;[32mThen &amp#27;[0m&amp#27;[32mcategories should be sorted by Name&amp#27;[0m          &amp#27;[90m# stepdefinitions.ui.CategoriesUserUISteps.categoriesShouldBeSortedByName()&amp#27;[0m
]]></system-out>
    <system-err><![CDATA[Feb 07, 2026 4:40:25 AM org.openqa.selenium.devtools.CdpVersionFinder findNearestMatch
WARNING: Unable to find CDP implementation matching 144
Feb 07, 2026 4:40:25 AM org.openqa.selenium.chromium.ChromiumDriver lambda$new$5
WARNING: Unable to find version of CDP to use for 144.0.7559.133. You may need to include a dependency on a specific version of the CDP using something similar to `org.seleniumhq.selenium:selenium-devtools-v86:4.25.0` where the version ("v86") matches the version of the chromium-based browser you're using and the version number of the artifact is the same as Selenium's.
]]></system-err>
  </testcase>
  <testcase name="TC-082 User UI Categories sorting by ID(Categories User UI Tests " classname="TC-081 to TC-085)" time="2.849">
    <system-out><![CDATA[
@ui @categories @215114F @user @TC-082
Scenario: TC-082 User UI Categories sorting by ID &amp#27;[90m# src/test/resources/features/ui/categories_user_ui.feature:23&amp#27;[0m
  &amp#27;[32mGiven &amp#27;[0m&amp#27;[32muser is logged in as normal user&amp#27;[0m          &amp#27;[90m# stepdefinitions.ui.AuthUISteps.userIsLoggedInAsNormalUser()&amp#27;[0m
  &amp#27;[32mAnd &amp#27;[0m&amp#27;[32muser navigates to categories page&amp#27;[0m           &amp#27;[90m# stepdefinitions.ui.CategoriesUserUISteps.userNavigatesToCategoriesPage()&amp#27;[0m
  &amp#27;[32mWhen &amp#27;[0m&amp#27;[32muser clicks on ID column header to sort&amp#27;[0m    &amp#27;[90m# stepdefinitions.ui.CategoriesUserUISteps.userClicksOnIDColumnHeaderToSort()&amp#27;[0m
  &amp#27;[32mThen &amp#27;[0m&amp#27;[32mcategories should be sorted by ID&amp#27;[0m          &amp#27;[90m# stepdefinitions.ui.CategoriesUserUISteps.categoriesShouldBeSortedById()&amp#27;[0m
]]></system-out>
    <system-err><![CDATA[Feb 07, 2026 4:40:28 AM org.openqa.selenium.devtools.CdpVersionFinder findNearestMatch
WARNING: Unable to find CDP implementation matching 144
Feb 07, 2026 4:40:28 AM org.openqa.selenium.chromium.ChromiumDriver lambda$new$5
WARNING: Unable to find version of CDP to use for 144.0.7559.133. You may need to include a dependency on a specific version of the CDP using something similar to `org.seleniumhq.selenium:selenium-devtools-v86:4.25.0` where the version ("v86") matches the version of the chromium-based browser you're using and the version number of the artifact is the same as Selenium's.
]]></system-err>
  </testcase>
  <testcase name="TC-083 User UI Filter by parent category(Categories User UI Tests " classname="TC-081 to TC-085)" time="3.529">
    <system-out><![CDATA[
@ui @categories @215114F @user @TC-083
Scenario: TC-083 User UI Filter by parent category                &amp#27;[90m# src/test/resources/features/ui/categories_user_ui.feature:28&amp#27;[0m
  &amp#27;[32mGiven &amp#27;[0m&amp#27;[32muser is logged in as normal user&amp#27;[0m                          &amp#27;[90m# stepdefinitions.ui.AuthUISteps.userIsLoggedInAsNormalUser()&amp#27;[0m
  &amp#27;[32mAnd &amp#27;[0m&amp#27;[32muser navigates to categories page&amp#27;[0m                           &amp#27;[90m# stepdefinitions.ui.CategoriesUserUISteps.userNavigatesToCategoriesPage()&amp#27;[0m
  &amp#27;[32mGiven &amp#27;[0m&amp#27;[32mparent categories exist&amp#27;[0m                                   &amp#27;[90m# stepdefinitions.ui.CategoriesUserUISteps.parentCategoriesExist()&amp#27;[0m
  &amp#27;[32mWhen &amp#27;[0m&amp#27;[32muser selects a parent category from filter dropdown&amp#27;[0m        &amp#27;[90m# stepdefinitions.ui.CategoriesUserUISteps.userSelectsAParentCategoryFromFilterDropdown()&amp#27;[0m
  &amp#27;[32mThen &amp#27;[0m&amp#27;[32monly sub-categories of selected parent should be displayed&amp#27;[0m &amp#27;[90m# stepdefinitions.ui.CategoriesUserUISteps.onlySubCategoriesOfSelectedParentShouldBeDisplayed()&amp#27;[0m
]]></system-out>
    <system-err><![CDATA[Feb 07, 2026 4:40:30 AM org.openqa.selenium.devtools.CdpVersionFinder findNearestMatch
WARNING: Unable to find CDP implementation matching 144
Feb 07, 2026 4:40:30 AM org.openqa.selenium.chromium.ChromiumDriver lambda$new$5
WARNING: Unable to find version of CDP to use for 144.0.7559.133. You may need to include a dependency on a specific version of the CDP using something similar to `org.seleniumhq.selenium:selenium-devtools-v86:4.25.0` where the version ("v86") matches the version of the chromium-based browser you're using and the version number of the artifact is the same as Selenium's.
]]></system-err>
  </testcase>
  <testcase name="TC-084 User UI Admin actions restricted for user(Categories User UI Tests " classname="TC-081 to TC-085)" time="6.3">
    <system-out><![CDATA[
@ui @categories @215114F @user @TC-084
Scenario: TC-084 User UI Admin actions restricted for user &amp#27;[90m# src/test/resources/features/ui/categories_user_ui.feature:34&amp#27;[0m
  &amp#27;[32mGiven &amp#27;[0m&amp#27;[32muser is logged in as normal user&amp#27;[0m                   &amp#27;[90m# stepdefinitions.ui.AuthUISteps.userIsLoggedInAsNormalUser()&amp#27;[0m
  &amp#27;[32mAnd &amp#27;[0m&amp#27;[32muser navigates to categories page&amp#27;[0m                    &amp#27;[90m# stepdefinitions.ui.CategoriesUserUISteps.userNavigatesToCategoriesPage()&amp#27;[0m
  &amp#27;[32mThen &amp#27;[0m&amp#27;[32mAdd Category button should not be visible for user&amp#27;[0m  &amp#27;[90m# stepdefinitions.ui.CategoriesUserUISteps.addCategoryButtonShouldNotBeVisibleForUser()&amp#27;[0m
]]></system-out>
    <system-err><![CDATA[Feb 07, 2026 4:40:34 AM org.openqa.selenium.devtools.CdpVersionFinder findNearestMatch
WARNING: Unable to find CDP implementation matching 144
Feb 07, 2026 4:40:34 AM org.openqa.selenium.chromium.ChromiumDriver lambda$new$5
WARNING: Unable to find version of CDP to use for 144.0.7559.133. You may need to include a dependency on a specific version of the CDP using something similar to `org.seleniumhq.selenium:selenium-devtools-v86:4.25.0` where the version ("v86") matches the version of the chromium-based browser you're using and the version number of the artifact is the same as Selenium's.
]]></system-err>
  </testcase>
  <testcase name="TC-085 User UI Empty state when no category found(Categories User UI Tests " classname="TC-081 to TC-085)" time="3.254">
    <system-out><![CDATA[
@ui @categories @215114F @user @TC-085
Scenario: TC-085 User UI Empty state when no category found           &amp#27;[90m# src/test/resources/features/ui/categories_user_ui.feature:40&amp#27;[0m
  &amp#27;[32mGiven &amp#27;[0m&amp#27;[32muser is logged in as normal user&amp#27;[0m                              &amp#27;[90m# stepdefinitions.ui.AuthUISteps.userIsLoggedInAsNormalUser()&amp#27;[0m
  &amp#27;[32mAnd &amp#27;[0m&amp#27;[32muser navigates to categories page&amp#27;[0m                               &amp#27;[90m# stepdefinitions.ui.CategoriesUserUISteps.userNavigatesToCategoriesPage()&amp#27;[0m
  &amp#27;[32mWhen &amp#27;[0m&amp#27;[32muser searches for a non-existent category &amp#27;[0m&amp#27;[32m&amp#27;[1m"ZZZZNONEXISTENT999"&amp#27;[0m &amp#27;[90m# stepdefinitions.ui.CategoriesUserUISteps.userSearchesForANonExistentCategory(java.lang.String)&amp#27;[0m
  &amp#27;[32mThen &amp#27;[0m&amp#27;[32mempty state message should be displayed&amp#27;[0m                        &amp#27;[90m# stepdefinitions.ui.CategoriesUserUISteps.emptyStateMessageShouldBeDisplayed()&amp#27;[0m
]]></system-out>
    <system-err><![CDATA[Feb 07, 2026 4:40:40 AM org.openqa.selenium.devtools.CdpVersionFinder findNearestMatch
WARNING: Unable to find CDP implementation matching 144
Feb 07, 2026 4:40:40 AM org.openqa.selenium.chromium.ChromiumDriver lambda$new$5
WARNING: Unable to find version of CDP to use for 144.0.7559.133. You may need to include a dependency on a specific version of the CDP using something similar to `org.seleniumhq.selenium:selenium-devtools-v86:4.25.0` where the version ("v86") matches the version of the chromium-based browser you're using and the version number of the artifact is the same as Selenium's.
]]></system-err>
  </testcase>
  <testcase name="User UI Categories list read-only(Role Pages UI Tests " classname="Extra TCs)" time="5.726">
    <system-out><![CDATA[
Scenario: User UI Categories list read-only   &amp#27;[90m# src/test/resources/features/ui/role_pages_ui.feature:3&amp#27;[0m
  &amp#27;[32mGiven &amp#27;[0m&amp#27;[32muser is logged in as normal user&amp#27;[0m      &amp#27;[90m# stepdefinitions.ui.AuthUISteps.userIsLoggedInAsNormalUser()&amp#27;[0m
  &amp#27;[32mWhen &amp#27;[0m&amp#27;[32muser opens categories page&amp#27;[0m             &amp#27;[90m# stepdefinitions.ui.RolePagesUISteps.userOpensCategoriesPage()&amp#27;[0m
  &amp#27;[32mThen &amp#27;[0m&amp#27;[32mcategories page should be visible&amp#27;[0m      &amp#27;[90m# stepdefinitions.ui.RolePagesUISteps.categoriesPageShouldBeVisible()&amp#27;[0m
  &amp#27;[32mAnd &amp#27;[0m&amp#27;[32mcategories should be read only for user&amp#27;[0m &amp#27;[90m# stepdefinitions.ui.RolePagesUISteps.categoriesShouldBeReadOnlyForUser()&amp#27;[0m
]]></system-out>
    <system-err><![CDATA[Feb 07, 2026 4:40:44 AM org.openqa.selenium.devtools.CdpVersionFinder findNearestMatch
WARNING: Unable to find CDP implementation matching 144
Feb 07, 2026 4:40:44 AM org.openqa.selenium.chromium.ChromiumDriver lambda$new$5
WARNING: Unable to find version of CDP to use for 144.0.7559.133. You may need to include a dependency on a specific version of the CDP using something similar to `org.seleniumhq.selenium:selenium-devtools-v86:4.25.0` where the version ("v86") matches the version of the chromium-based browser you're using and the version number of the artifact is the same as Selenium's.
]]></system-err>
  </testcase>
  <testcase name="User UI Plants list read-only(Role Pages UI Tests " classname="Extra TCs)" time="5.868">
    <system-out><![CDATA[
Scenario: User UI Plants list read-only   &amp#27;[90m# src/test/resources/features/ui/role_pages_ui.feature:9&amp#27;[0m
  &amp#27;[32mGiven &amp#27;[0m&amp#27;[32muser is logged in as normal user&amp#27;[0m  &amp#27;[90m# stepdefinitions.ui.AuthUISteps.userIsLoggedInAsNormalUser()&amp#27;[0m
  &amp#27;[32mWhen &amp#27;[0m&amp#27;[32muser opens plants page&amp#27;[0m             &amp#27;[90m# stepdefinitions.ui.RolePagesUISteps.userOpensPlantsPage()&amp#27;[0m
  &amp#27;[32mThen &amp#27;[0m&amp#27;[32mplants page should be visible&amp#27;[0m      &amp#27;[90m# stepdefinitions.ui.RolePagesUISteps.plantsPageShouldBeVisible()&amp#27;[0m
  &amp#27;[32mAnd &amp#27;[0m&amp#27;[32mplants should be read only for user&amp#27;[0m &amp#27;[90m# stepdefinitions.ui.RolePagesUISteps.plantsShouldBeReadOnlyForUser()&amp#27;[0m
]]></system-out>
    <system-err><![CDATA[Feb 07, 2026 4:40:49 AM org.openqa.selenium.devtools.CdpVersionFinder findNearestMatch
WARNING: Unable to find CDP implementation matching 144
Feb 07, 2026 4:40:49 AM org.openqa.selenium.chromium.ChromiumDriver lambda$new$5
WARNING: Unable to find version of CDP to use for 144.0.7559.133. You may need to include a dependency on a specific version of the CDP using something similar to `org.seleniumhq.selenium:selenium-devtools-v86:4.25.0` where the version ("v86") matches the version of the chromium-based browser you're using and the version number of the artifact is the same as Selenium's.
]]></system-err>
  </testcase>
</testsuite>