<?xml version="1.0" encoding="UTF-8"?>
<testsuite xmlns:xsi="http://www.w3.org/2001/XMLSchema-instance" xsi:noNamespaceSchemaLocation="https://maven.apache.org/surefire/maven-surefire-plugin/xsd/surefire-test-report-3.0.xsd" version="3.0" name="runners.APITestRunner" time="3.332" tests="20" errors="0" skipped="0" failures="0">
  <properties>
[...]
</properties>
  <testcase name="Admin login API success(Authentication API Tests " classname="Member 1)" time="1.006">
    <system-out><![CDATA[
Scenario: Admin login API success &amp#27;[90m# src/test/resources/features/api/auth_api.feature:3&amp#27;[0m
  &amp#27;[32mGiven &amp#27;[0m&amp#27;[32madmin logs in via API&amp#27;[0m     &amp#27;[90m# stepdefinitions.api.AuthAPISteps.adminLogsInViaAPI()&amp#27;[0m
  &amp#27;[32mThen &amp#27;[0m&amp#27;[32mtoken should be available&amp#27;[0m  &amp#27;[90m# stepdefinitions.api.AuthAPISteps.tokenShouldBeAvailable()&amp#27;[0m
]]></system-out>
    <system-err><![CDATA[SLF4J: No SLF4J providers were found.
SLF4J: Defaulting to no-operation (NOP) logger implementation
SLF4J: See https://www.slf4j.org/codes.html#noProviders for further details.
]]></system-err>
  </testcase>
  <testcase name="User login API success(Authentication API Tests " classname="Member 1)" time="0.081">
    <system-out><![CDATA[
Scenario: User login API success &amp#27;[90m# src/test/resources/features/api/auth_api.feature:7&amp#27;[0m
  &amp#27;[32mGiven &amp#27;[0m&amp#27;[32muser logs in via API&amp#27;[0m     &amp#27;[90m# stepdefinitions.api.AuthAPISteps.userLogsInViaAPI()&amp#27;[0m
  &amp#27;[32mThen &amp#27;[0m&amp#27;[32mtoken should be available&amp#27;[0m &amp#27;[90m# stepdefinitions.api.AuthAPISteps.tokenShouldBeAvailable()&amp#27;[0m
]]></system-out>
  </testcase>
  <testcase name="Invalid login should fail(Authentication API Tests " classname="Member 1)" time="0.087">
    <system-out><![CDATA[
Scenario: Invalid login should fail              &amp#27;[90m# src/test/resources/features/api/auth_api.feature:11&amp#27;[0m
  &amp#27;[32mWhen &amp#27;[0m&amp#27;[32mlogin via API with &amp#27;[0m&amp#27;[32m&amp#27;[1m"wrong"&amp#27;[0m&amp#27;[32m and &amp#27;[0m&amp#27;[32m&amp#27;[1m"wrong123"&amp#27;[0m &amp#27;[90m# stepdefinitions.api.AuthAPISteps.loginViaAPIWithAnd(java.lang.String,java.lang.String)&amp#27;[0m
  &amp#27;[32mThen &amp#27;[0m&amp#27;[32mapi response status should be &amp#27;[0m&amp#27;[32m&amp#27;[1m401&amp#27;[0m         &amp#27;[90m# stepdefinitions.api.AuthAPISteps.apiResponseStatusShouldBe(int)&amp#27;[0m
]]></system-out>
  </testcase>
  <testcase name="Admin token should allow admin endpoint(Authentication API Tests " classname="Member 1)" time="0.084">
    <system-out><![CDATA[
Scenario: Admin token should allow admin endpoint &amp#27;[90m# src/test/resources/features/api/auth_api.feature:15&amp#27;[0m
  &amp#27;[32mGiven &amp#27;[0m&amp#27;[32madmin logs in via API&amp#27;[0m                     &amp#27;[90m# stepdefinitions.api.AuthAPISteps.adminLogsInViaAPI()&amp#27;[0m
  &amp#27;[32mWhen &amp#27;[0m&amp#27;[32madmin creates category via API&amp#27;[0m             &amp#27;[90m# stepdefinitions.api.AuthAPISteps.adminCreatesCategoryViaAPI()&amp#27;[0m
  &amp#27;[32mThen &amp#27;[0m&amp#27;[32mapi response status should be &amp#27;[0m&amp#27;[32m&amp#27;[1m200&amp#27;[0m          &amp#27;[90m# stepdefinitions.api.AuthAPISteps.apiResponseStatusShouldBe(int)&amp#27;[0m
]]></system-out>
  </testcase>
  <testcase name="User token should be forbidden for admin endpoint(Authentication API Tests " classname="Member 1)" time="0.079">
    <system-out><![CDATA[
Scenario: User token should be forbidden for admin endpoint &amp#27;[90m# src/test/resources/features/api/auth_api.feature:20&amp#27;[0m
  &amp#27;[32mGiven &amp#27;[0m&amp#27;[32muser logs in via API&amp#27;[0m                                &amp#27;[90m# stepdefinitions.api.AuthAPISteps.userLogsInViaAPI()&amp#27;[0m
  &amp#27;[32mWhen &amp#27;[0m&amp#27;[32muser tries to create category via API&amp#27;[0m                &amp#27;[90m# stepdefinitions.api.AuthAPISteps.userTriesToCreateCategoryViaAPI()&amp#27;[0m
  &amp#27;[32mThen &amp#27;[0m&amp#27;[32mapi response status should be &amp#27;[0m&amp#27;[32m&amp#27;[1m403&amp#27;[0m                    &amp#27;[90m# stepdefinitions.api.AuthAPISteps.apiResponseStatusShouldBe(int)&amp#27;[0m
]]></system-out>
  </testcase>
  <testcase name="Missing token should be unauthorized(Authentication API Tests " classname="Member 1)" time="0.009">
    <system-out><![CDATA[
Scenario: Missing token should be unauthorized &amp#27;[90m# src/test/resources/features/api/auth_api.feature:25&amp#27;[0m
  &amp#27;[32mWhen &amp#27;[0m&amp#27;[32mrequest create category without token&amp#27;[0m   &amp#27;[90m# stepdefinitions.api.AuthAPISteps.requestCreateCategoryWithoutToken()&amp#27;[0m
  &amp#27;[32mThen &amp#27;[0m&amp#27;[32mapi response status should be &amp#27;[0m&amp#27;[32m&amp#27;[1m401&amp#27;[0m       &amp#27;[90m# stepdefinitions.api.AuthAPISteps.apiResponseStatusShouldBe(int)&amp#27;[0m
]]></system-out>
  </testcase>
  <testcase name="Invalid token should be unauthorized(Authentication API Tests " classname="Member 1)" time="0.008">
    <system-out><![CDATA[
Scenario: Invalid token should be unauthorized    &amp#27;[90m# src/test/resources/features/api/auth_api.feature:29&amp#27;[0m
  &amp#27;[32mWhen &amp#27;[0m&amp#27;[32mrequest create category with invalid token&amp#27;[0m &amp#27;[90m# stepdefinitions.api.AuthAPISteps.requestCreateCategoryWithInvalidToken()&amp#27;[0m
  &amp#27;[32mThen &amp#27;[0m&amp#27;[32mapi response status should be &amp#27;[0m&amp#27;[32m&amp#27;[1m401&amp#27;[0m          &amp#27;[90m# stepdefinitions.api.AuthAPISteps.apiResponseStatusShouldBe(int)&amp#27;[0m
]]></system-out>
  </testcase>
  <testcase name="Admin login wrong password(Authentication API Tests " classname="Member 1)" time="0.067">
    <system-out><![CDATA[
Scenario: Admin login wrong password              &amp#27;[90m# src/test/resources/features/api/auth_api.feature:33&amp#27;[0m
  &amp#27;[32mWhen &amp#27;[0m&amp#27;[32mlogin via API with &amp#27;[0m&amp#27;[32m&amp#27;[1m"admin"&amp#27;[0m&amp#27;[32m and &amp#27;[0m&amp#27;[32m&amp#27;[1m"wrongpass"&amp#27;[0m &amp#27;[90m# stepdefinitions.api.AuthAPISteps.loginViaAPIWithAnd(java.lang.String,java.lang.String)&amp#27;[0m
  &amp#27;[32mThen &amp#27;[0m&amp#27;[32mapi response status should be &amp#27;[0m&amp#27;[32m&amp#27;[1m401&amp#27;[0m          &amp#27;[90m# stepdefinitions.api.AuthAPISteps.apiResponseStatusShouldBe(int)&amp#27;[0m
]]></system-out>
  </testcase>
  <testcase name="User login wrong password(Authentication API Tests " classname="Member 1)" time="0.068">
    <system-out><![CDATA[
Scenario: User login wrong password              &amp#27;[90m# src/test/resources/features/api/auth_api.feature:37&amp#27;[0m
  &amp#27;[32mWhen &amp#27;[0m&amp#27;[32mlogin via API with &amp#27;[0m&amp#27;[32m&amp#27;[1m"user"&amp#27;[0m&amp#27;[32m and &amp#27;[0m&amp#27;[32m&amp#27;[1m"wrongpass"&amp#27;[0m &amp#27;[90m# stepdefinitions.api.AuthAPISteps.loginViaAPIWithAnd(java.lang.String,java.lang.String)&amp#27;[0m
  &amp#27;[32mThen &amp#27;[0m&amp#27;[32mapi response status should be &amp#27;[0m&amp#27;[32m&amp#27;[1m401&amp#27;[0m         &amp#27;[90m# stepdefinitions.api.AuthAPISteps.apiResponseStatusShouldBe(int)&amp#27;[0m
]]></system-out>
  </testcase>
  <testcase name="Empty login payload should fail(Authentication API Tests " classname="Member 1)" time="0.064">
    <system-out><![CDATA[
Scenario: Empty login payload should fail &amp#27;[90m# src/test/resources/features/api/auth_api.feature:41&amp#27;[0m
  &amp#27;[32mWhen &amp#27;[0m&amp#27;[32mlogin via API with &amp#27;[0m&amp#27;[32m&amp#27;[1m""&amp#27;[0m&amp#27;[32m and &amp#27;[0m&amp#27;[32m&amp#27;[1m""&amp#27;[0m       &amp#27;[90m# stepdefinitions.api.AuthAPISteps.loginViaAPIWithAnd(java.lang.String,java.lang.String)&amp#27;[0m
  &amp#27;[32mThen &amp#27;[0m&amp#27;[32mapi response status should be &amp#27;[0m&amp#27;[32m&amp#27;[1m400&amp#27;[0m  &amp#27;[90m# stepdefinitions.api.AuthAPISteps.apiResponseStatusShouldBe(int)&amp#27;[0m
]]></system-out>
  </testcase>
  <testcase name="TC-096 Admin API Create category valid(Categories Admin API Tests " classname="TC-096 to TC-100)" time="0.145">
    <system-out><![CDATA[
@api @categories @215114F @admin @TC-096
Scenario: TC-096 Admin API Create category valid           &amp#27;[90m# src/test/resources/features/api/categories_admin_api.feature:11&amp#27;[0m
  &amp#27;[32mGiven &amp#27;[0m&amp#27;[32madmin logs in via API&amp#27;[0m                              &amp#27;[90m# stepdefinitions.api.AuthAPISteps.adminLogsInViaAPI()&amp#27;[0m
  &amp#27;[32mWhen &amp#27;[0m&amp#27;[32madmin sends POST /api/categories with valid payload&amp#27;[0m &amp#27;[90m# stepdefinitions.api.CategoriesAdminAPISteps.adminSendsPostApiCategoriesWithValidPayload()&amp#27;[0m
  &amp#27;[32mThen &amp#27;[0m&amp#27;[32mAPI response status should be &amp#27;[0m&amp#27;[32m&amp#27;[1m200&amp#27;[0m&amp#27;[32m or &amp#27;[0m&amp#27;[32m&amp#27;[1m201&amp#27;[0m            &amp#27;[90m# stepdefinitions.api.CategoriesAdminAPISteps.apiResponseStatusShouldBeOr(int,int)&amp#27;[0m
  &amp#27;[32mAnd &amp#27;[0m&amp#27;[32mresponse should contain created category data&amp#27;[0m        &amp#27;[90m# stepdefinitions.api.CategoriesAdminAPISteps.responseShouldContainCreatedCategoryData()&amp#27;[0m
]]></system-out>
  </testcase>
  <testcase name="TC-097 Admin API Create category invalid length(Categories Admin API Tests " classname="TC-096 to TC-100)" time="0.137">
    <system-out><![CDATA[
@api @categories @215114F @admin @TC-097
Scenario: TC-097 Admin API Create category invalid length                   &amp#27;[90m# src/test/resources/features/api/categories_admin_api.feature:17&amp#27;[0m
  &amp#27;[32mGiven &amp#27;[0m&amp#27;[32madmin logs in via API&amp#27;[0m                                               &amp#27;[90m# stepdefinitions.api.AuthAPISteps.adminLogsInViaAPI()&amp#27;[0m
  &amp#27;[32mWhen &amp#27;[0m&amp#27;[32madmin sends POST /api/categories with name longer than &amp#27;[0m&amp#27;[32m&amp#27;[1m10&amp#27;[0m&amp#27;[32m characters&amp#27;[0m &amp#27;[90m# stepdefinitions.api.CategoriesAdminAPISteps.adminSendsPostApiCategoriesWithNameLongerThanCharacters(int)&amp#27;[0m
  &amp#27;[32mThen &amp#27;[0m&amp#27;[32mAPI response status should be &amp#27;[0m&amp#27;[32m&amp#27;[1m400&amp#27;[0m&amp#27;[32m Bad Request&amp#27;[0m                        &amp#27;[90m# stepdefinitions.api.CategoriesAdminAPISteps.apiResponseStatusShouldBeBadRequest(int)&amp#27;[0m
]]></system-out>
  </testcase>
  <testcase name="TC-098 Admin API Update category valid(Categories Admin API Tests " classname="TC-096 to TC-100)" time="0.15">
    <system-out><![CDATA[
@api @categories @215114F @admin @TC-098
Scenario: TC-098 Admin API Update category valid                       &amp#27;[90m# src/test/resources/features/api/categories_admin_api.feature:22&amp#27;[0m
  &amp#27;[32mGiven &amp#27;[0m&amp#27;[32madmin logs in via API&amp#27;[0m                                          &amp#27;[90m# stepdefinitions.api.AuthAPISteps.adminLogsInViaAPI()&amp#27;[0m
  &amp#27;[32mWhen &amp#27;[0m&amp#27;[32madmin sends POST /api/categories with valid payload&amp#27;[0m             &amp#27;[90m# stepdefinitions.api.CategoriesAdminAPISteps.adminSendsPostApiCategoriesWithValidPayload()&amp#27;[0m
  &amp#27;[32mWhen &amp#27;[0m&amp#27;[32madmin sends PUT /api/categories/{id} with valid updated payload&amp#27;[0m &amp#27;[90m# stepdefinitions.api.CategoriesAdminAPISteps.adminSendsPutApiCategoriesIdWithValidUpdatedPayload()&amp#27;[0m
  &amp#27;[32mThen &amp#27;[0m&amp#27;[32madmin API response status should be &amp#27;[0m&amp#27;[32m&amp#27;[1m200&amp#27;[0m                         &amp#27;[90m# stepdefinitions.api.CategoriesAdminAPISteps.adminApiResponseStatusShouldBe(int)&amp#27;[0m
  &amp#27;[32mAnd &amp#27;[0m&amp#27;[32mresponse should contain updated category data&amp#27;[0m                    &amp#27;[90m# stepdefinitions.api.CategoriesAdminAPISteps.responseShouldContainUpdatedCategoryData()&amp#27;[0m
]]></system-out>
  </testcase>
  <testcase name="TC-099 Admin API Delete parent category blocked(Categories Admin API Tests " classname="TC-096 to TC-100)" time="0.151">
    <system-out><![CDATA[
@api @categories @215114F @admin @TC-099
Scenario: TC-099 Admin API Delete parent category blocked  &amp#27;[90m# src/test/resources/features/api/categories_admin_api.feature:29&amp#27;[0m
  &amp#27;[32mGiven &amp#27;[0m&amp#27;[32madmin logs in via API&amp#27;[0m                              &amp#27;[90m# stepdefinitions.api.AuthAPISteps.adminLogsInViaAPI()&amp#27;[0m
  &amp#27;[32mGiven &amp#27;[0m&amp#27;[32ma parent category with children exists via API&amp#27;[0m     &amp#27;[90m# stepdefinitions.api.CategoriesAdminAPISteps.aParentCategoryWithChildrenExistsViaAPI()&amp#27;[0m
  &amp#27;[32mWhen &amp#27;[0m&amp#27;[32madmin sends DELETE /api/categories/{parentId}&amp#27;[0m       &amp#27;[90m# stepdefinitions.api.CategoriesAdminAPISteps.adminSendsDeleteApiCategoriesParentId()&amp#27;[0m
  &amp#27;[32mThen &amp#27;[0m&amp#27;[32mAPI response status should be &amp#27;[0m&amp#27;[32m&amp#27;[1m400&amp#27;[0m&amp#27;[32m or &amp#27;[0m&amp#27;[32m&amp#27;[1m409&amp#27;[0m&amp#27;[32m or &amp#27;[0m&amp#27;[32m&amp#27;[1m204&amp#27;[0m     &amp#27;[90m# stepdefinitions.api.CategoriesAdminAPISteps.apiResponseStatusShouldBeOrOr(int,int,int)&amp#27;[0m
  &amp#27;[32mAnd &amp#27;[0m&amp#27;[32mresponse should contain error message about children&amp#27;[0m &amp#27;[90m# stepdefinitions.api.CategoriesAdminAPISteps.responseShouldContainErrorMessageAboutChildren()&amp#27;[0m
]]></system-out>
  </testcase>
  <testcase name="TC-100 Admin API Categories summary(Categories Admin API Tests " classname="TC-096 to TC-100)" time="0.142">
    <system-out><![CDATA[
@api @categories @215114F @admin @TC-100
Scenario: TC-100 Admin API Categories summary       &amp#27;[90m# src/test/resources/features/api/categories_admin_api.feature:39&amp#27;[0m
  &amp#27;[32mGiven &amp#27;[0m&amp#27;[32madmin logs in via API&amp#27;[0m                       &amp#27;[90m# stepdefinitions.api.AuthAPISteps.adminLogsInViaAPI()&amp#27;[0m
  &amp#27;[32mWhen &amp#27;[0m&amp#27;[32madmin requests GET /api/categories/summary&amp#27;[0m   &amp#27;[90m# stepdefinitions.api.CategoriesAdminAPISteps.adminRequestsGetApiCategoriesSummary()&amp#27;[0m
  &amp#27;[32mThen &amp#27;[0m&amp#27;[32madmin API response status should be &amp#27;[0m&amp#27;[32m&amp#27;[1m200&amp#27;[0m      &amp#27;[90m# stepdefinitions.api.CategoriesAdminAPISteps.adminApiResponseStatusShouldBe(int)&amp#27;[0m
  &amp#27;[32mAnd &amp#27;[0m&amp#27;[32mresponse should contain category summary data&amp#27;[0m &amp#27;[90m# stepdefinitions.api.CategoriesAdminAPISteps.responseShouldContainCategorySummaryData()&amp#27;[0m
]]></system-out>
  </testcase>
  <testcase name="TC-086 User API Categories page with pagination(Categories User API Tests " classname="TC-086 to TC-090)" time="0.14">
    <system-out><![CDATA[
@api @categories @215114F @user @TC-086
Scenario: TC-086 User API Categories page with pagination            &amp#27;[90m# src/test/resources/features/api/categories_user_api.feature:11&amp#27;[0m
  &amp#27;[32mGiven &amp#27;[0m&amp#27;[32muser logs in via API&amp#27;[0m                                         &amp#27;[90m# stepdefinitions.api.AuthAPISteps.userLogsInViaAPI()&amp#27;[0m
  &amp#27;[32mWhen &amp#27;[0m&amp#27;[32muser requests GET /api/categories/page with page=&amp#27;[0m&amp#27;[32m&amp#27;[1m0&amp#27;[0m&amp#27;[32m and size=&amp#27;[0m&amp#27;[32m&amp#27;[1m5&amp#27;[0m &amp#27;[90m# stepdefinitions.api.CategoriesUserAPISteps.userRequestsGetApiCategoriesPageWithPageAndSize(int,int)&amp#27;[0m
  &amp#27;[32mThen &amp#27;[0m&amp#27;[32mAPI response status should be &amp#27;[0m&amp#27;[32m&amp#27;[1m200&amp#27;[0m                             &amp#27;[90m# stepdefinitions.api.CategoriesUserAPISteps.apiResponseStatusShouldBe(int)&amp#27;[0m
  &amp#27;[32mAnd &amp#27;[0m&amp#27;[32mresponse should contain paged category data&amp#27;[0m                    &amp#27;[90m# stepdefinitions.api.CategoriesUserAPISteps.responseShouldContainPagedCategoryData()&amp#27;[0m
]]></system-out>
  </testcase>
  <testcase name="TC-087 User API Main categories(Categories User API Tests " classname="TC-086 to TC-090)" time="0.153">
    <system-out><![CDATA[
@api @categories @215114F @user @TC-087
Scenario: TC-087 User API Main categories             &amp#27;[90m# src/test/resources/features/api/categories_user_api.feature:17&amp#27;[0m
  &amp#27;[32mGiven &amp#27;[0m&amp#27;[32muser logs in via API&amp#27;[0m                          &amp#27;[90m# stepdefinitions.api.AuthAPISteps.userLogsInViaAPI()&amp#27;[0m
  &amp#27;[32mWhen &amp#27;[0m&amp#27;[32muser requests GET /api/categories/main&amp#27;[0m         &amp#27;[90m# stepdefinitions.api.CategoriesUserAPISteps.userRequestsGetApiCategoriesMain()&amp#27;[0m
  &amp#27;[32mThen &amp#27;[0m&amp#27;[32mAPI response status should be &amp#27;[0m&amp#27;[32m&amp#27;[1m200&amp#27;[0m              &amp#27;[90m# stepdefinitions.api.CategoriesUserAPISteps.apiResponseStatusShouldBe(int)&amp#27;[0m
  &amp#27;[32mAnd &amp#27;[0m&amp#27;[32mresponse should contain list of main categories&amp#27;[0m &amp#27;[90m# stepdefinitions.api.CategoriesUserAPISteps.responseShouldContainListOfMainCategories()&amp#27;[0m
]]></system-out>
  </testcase>
  <testcase name="TC-088 User API Sub-categories(Categories User API Tests " classname="TC-086 to TC-090)" time="0.139">
    <system-out><![CDATA[
@api @categories @215114F @user @TC-088
Scenario: TC-088 User API Sub-categories                &amp#27;[90m# src/test/resources/features/api/categories_user_api.feature:23&amp#27;[0m
  &amp#27;[32mGiven &amp#27;[0m&amp#27;[32muser logs in via API&amp#27;[0m                            &amp#27;[90m# stepdefinitions.api.AuthAPISteps.userLogsInViaAPI()&amp#27;[0m
  &amp#27;[32mWhen &amp#27;[0m&amp#27;[32muser requests GET /api/categories/sub-categories&amp#27;[0m &amp#27;[90m# stepdefinitions.api.CategoriesUserAPISteps.userRequestsGetApiCategoriesSubCategories()&amp#27;[0m
  &amp#27;[32mThen &amp#27;[0m&amp#27;[32mAPI response status should be &amp#27;[0m&amp#27;[32m&amp#27;[1m200&amp#27;[0m                &amp#27;[90m# stepdefinitions.api.CategoriesUserAPISteps.apiResponseStatusShouldBe(int)&amp#27;[0m
  &amp#27;[32mAnd &amp#27;[0m&amp#27;[32mresponse should contain list of sub-categories&amp#27;[0m    &amp#27;[90m# stepdefinitions.api.CategoriesUserAPISteps.responseShouldContainListOfSubCategories()&amp#27;[0m
]]></system-out>
  </testcase>
  <testcase name="TC-089 User API Create category forbidden(Categories User API Tests " classname="TC-086 to TC-090)" time="0.137">
    <system-out><![CDATA[
@api @categories @215114F @user @TC-089
Scenario: TC-089 User API Create category forbidden       &amp#27;[90m# src/test/resources/features/api/categories_user_api.feature:29&amp#27;[0m
  &amp#27;[32mGiven &amp#27;[0m&amp#27;[32muser logs in via API&amp#27;[0m                              &amp#27;[90m# stepdefinitions.api.AuthAPISteps.userLogsInViaAPI()&amp#27;[0m
  &amp#27;[32mWhen &amp#27;[0m&amp#27;[32muser sends POST /api/categories with valid payload&amp#27;[0m &amp#27;[90m# stepdefinitions.api.CategoriesUserAPISteps.userSendsPostApiCategoriesWithValidPayload()&amp#27;[0m
  &amp#27;[32mThen &amp#27;[0m&amp#27;[32mAPI response status should be &amp#27;[0m&amp#27;[32m&amp#27;[1m403&amp#27;[0m&amp#27;[32m Forbidden&amp#27;[0m        &amp#27;[90m# stepdefinitions.api.CategoriesUserAPISteps.apiResponseStatusShouldBeForbidden(int)&amp#27;[0m
]]></system-out>
  </testcase>
  <testcase name="TC-090 User API Update category forbidden(Categories User API Tests " classname="TC-086 to TC-090)" time="0.205">
    <system-out><![CDATA[
@api @categories @215114F @user @TC-090
Scenario: TC-090 User API Update category forbidden           &amp#27;[90m# src/test/resources/features/api/categories_user_api.feature:34&amp#27;[0m
  &amp#27;[32mGiven &amp#27;[0m&amp#27;[32muser logs in via API&amp#27;[0m                                  &amp#27;[90m# stepdefinitions.api.AuthAPISteps.userLogsInViaAPI()&amp#27;[0m
  &amp#27;[32mGiven &amp#27;[0m&amp#27;[32ma category exists via admin API&amp#27;[0m                       &amp#27;[90m# stepdefinitions.api.CategoriesUserAPISteps.aCategoryExistsViaAdminAPI()&amp#27;[0m
  &amp#27;[32mWhen &amp#27;[0m&amp#27;[32muser sends PUT /api/categories/{id} with valid payload&amp#27;[0m &amp#27;[90m# stepdefinitions.api.CategoriesUserAPISteps.userSendsPutApiCategoriesIdWithValidPayload()&amp#27;[0m
  &amp#27;[32mThen &amp#27;[0m&amp#27;[32mAPI response status should be &amp#27;[0m&amp#27;[32m&amp#27;[1m403&amp#27;[0m&amp#27;[32m Forbidden&amp#27;[0m            &amp#27;[90m# stepdefinitions.api.CategoriesUserAPISteps.apiResponseStatusShouldBeForbidden(int)&amp#27;[0m
]]></system-out>
  </testcase>
</testsuite>