<?xml version="1.0" encoding="UTF-8" standalone="no"?><testsuite errors="0" failures="0" name="Authentication API Tests (Member 1)" skipped="0" tests="10" time="1.45" timestamp="2026-02-07 04:39:30"><testcase name="Admin login API success"/><testcase name="User login API success"/><testcase name="Invalid login should fail"/><testcase name="Admin token should allow admin endpoint"/><testcase name="User token should be forbidden for admin endpoint"/><testcase name="Missing token should be unauthorized"/><testcase name="Invalid token should be unauthorized"/><testcase name="Admin login wrong password"/><testcase name="User login wrong password"/><testcase name="Empty login payload should fail"/></testsuite>