<?xml version="1.0" encoding="UTF-8" standalone="no"?><testsuite errors="0" failures="0" name="Categories Admin API Tests (TC-096 to TC-100)" skipped="0" tests="5" time="1.65" timestamp="2026-02-07 05:28:56"><testcase name="TC-096 Admin API Create category valid"/><testcase name="TC-097 Admin API Create category invalid length"/><testcase name="TC-098 Admin API Update category valid"/><testcase name="TC-099 Admin API Delete parent category blocked"/><testcase name="TC-100 Admin API Categories summary"/></testsuite>