<?xml version="1.0" encoding="UTF-8" standalone="no"?><testsuite errors="0" failures="0" name="Authentication UI Tests (Member 1)" skipped="0" tests="10" time="12.73" timestamp="2026-02-07 04:39:33"><testcase name="Admin login success"/><testcase name="Admin login invalid credentials"/><testcase name="Admin logout success"/><testcase name="Access dashboard without login should redirect to login"/><testcase name="User login success"/><testcase name="User login invalid credentials"/><testcase name="User logout success"/><testcase name="User should not see admin actions"/><testcase name="User cannot open admin-only sell page directly"/><testcase name="Invalid session access to protected page"/></testsuite>