<?xml version="1.0" encoding="UTF-8" standalone="no"?><testsuite errors="0" failures="0" name="Categories Admin UI Tests (TC-091 to TC-095)" skipped="0" tests="5" time="33.4" timestamp="2026-02-07 04:39:47"><testcase name="TC-091 Admin UI Category name required validation"/><testcase name="TC-092 Admin UI Category name length validation"/><testcase name="TC-093 Admin UI Create sub-category"/><testcase name="TC-094 Admin UI Edit category cancel"/><testcase name="TC-095 Admin UI Delete parent category blocked"/></testsuite>