<?xml version="1.0" encoding="UTF-8" standalone="no"?><testsuite errors="0" failures="0" name="Categories User UI Tests (TC-081 to TC-085)" skipped="0" tests="6" time="21.73" timestamp="2026-02-07 04:40:21"><testcase name="TC-081 User UI Categories pagination"/><testcase name="TC-082 User UI Categories sorting by Name"/><testcase name="TC-082 User UI Categories sorting by ID"/><testcase name="TC-083 User UI Filter by parent category"/><testcase name="TC-084 User UI Admin actions restricted for user"/><testcase name="TC-085 User UI Empty state when no category found"/></testsuite>