<?xml version="1.0" encoding="UTF-8" standalone="no"?><testsuite errors="0" failures="2" name="Categories User UI Tests (TC-081 to TC-085)" skipped="0" tests="6" time="19.73" timestamp="2026-02-07 05:29:32"><testcase name="TC-081 User UI Categories pagination"/><testcase name="TC-082 User UI Categories sorting by Name"/><testcase name="TC-082 User UI Categories sorting by ID"/><testcase name="TC-083 User UI Filter by parent category"/><testcase name="TC-084 User UI Admin actions restricted for user"><failure message="[Edit buttons should be hidden for normal user] &#10;Expecting value to be false but was true" type="org.opentest4j.AssertionFailedError">[Edit buttons should be hidden for normal user] 
Expecting value to be false but was true</failure><system-err>[Edit buttons should be hidden for normal user] 
Expecting value to be false but was true
stepdefinitions.ui.CategoriesUserUISteps.editButtonsShouldNotBeVisibleForUser(CategoriesUserUISteps.java:154)
✽.Edit buttons should not be visible for user(file:///Users/pahanaps/Dev/QA/QA-training-app-group-42/src/test/resources/features/ui/categories_user_ui.feature:36)
</system-err></testcase><testcase name="TC-085 User UI Empty state when no category found"><failure message="[Empty state or 'No category found' message should be displayed] &#10;Expecting value to be true but was false" type="org.opentest4j.AssertionFailedError">[Empty state or 'No category found' message should be displayed] 
Expecting value to be true but was false</failure><system-err>[Empty state or 'No category found' message should be displayed] 
Expecting value to be true but was false
stepdefinitions.ui.CategoriesUserUISteps.emptyStateMessageShouldBeDisplayed(CategoriesUserUISteps.java:183)
✽.empty state message should be displayed(file:///Users/pahanaps/Dev/QA/QA-training-app-group-42/src/test/resources/features/ui/categories_user_ui.feature:42)
</system-err></testcase></testsuite>