<?xml version="1.0" encoding="UTF-8" standalone="no"?><testsuite errors="0" failures="0" name="Categories User API Tests (TC-086 to TC-090)" skipped="0" tests="5" time="0.76" timestamp="2026-02-07 04:39:32"><testcase name="TC-086 User API Categories page with pagination"/><testcase name="TC-087 User API Main categories"/><testcase name="TC-088 User API Sub-categories"/><testcase name="TC-089 User API Create category forbidden"/><testcase name="TC-090 User API Update category forbidden"/></testsuite>